0 info it worked if it ends with ok
1 verbose cli [ '/home/jun/.nodebrew/node/v7.2.1/bin/node',
1 verbose cli   '/home/jun/.nodebrew/current/bin/npm',
1 verbose cli   'run',
1 verbose cli   'watch' ]
2 info using npm@3.10.10
3 info using node@v7.2.1
4 verbose stack Error: ENOENT: no such file or directory, open '/home/jun/src/github.com/jsuzuki20120311/start-typescript-note/package.json'
5 verbose cwd /home/jun/src/github.com/jsuzuki20120311/start-typescript-note
6 error Linux 4.4.0-57-generic
7 error argv "/home/jun/.nodebrew/node/v7.2.1/bin/node" "/home/jun/.nodebrew/current/bin/npm" "run" "watch"
8 error node v7.2.1
9 error npm  v3.10.10
10 error path /home/jun/src/github.com/jsuzuki20120311/start-typescript-note/package.json
11 error code ENOENT
12 error errno -2
13 error syscall open
14 error enoent ENOENT: no such file or directory, open '/home/jun/src/github.com/jsuzuki20120311/start-typescript-note/package.json'
15 error enoent ENOENT: no such file or directory, open '/home/jun/src/github.com/jsuzuki20120311/start-typescript-note/package.json'
15 error enoent This is most likely not a problem with npm itself
15 error enoent and is related to npm not being able to find a file.
16 verbose exit [ -2, true ]
